[debug] [2020-11-16T14:55:52.292Z] ----------------------------------------------------------------------
[debug] [2020-11-16T14:55:52.295Z] Command:       /usr/bin/node /usr/bin/firebase deploy
[debug] [2020-11-16T14:55:52.295Z] CLI Version:   8.16.1
[debug] [2020-11-16T14:55:52.296Z] Platform:      linux
[debug] [2020-11-16T14:55:52.296Z] Node Version:  v12.19.0
[debug] [2020-11-16T14:55:52.296Z] Time:          Mon Nov 16 2020 20:25:52 GMT+0530 (India Standard Time)
[debug] [2020-11-16T14:55:52.296Z] ----------------------------------------------------------------------
[debug] [2020-11-16T14:55:52.297Z] 
[debug] [2020-11-16T14:55:52.305Z] > command requires scopes: ["email","openid","https://www.googleapis.com/auth/cloudplatformprojects.readonly","https://www.googleapis.com/auth/firebase","https://www.googleapis.com/auth/cloud-platform"]
[debug] [2020-11-16T14:55:52.305Z] > authorizing via signed-in user
[debug] [2020-11-16T14:55:52.306Z] [iam] checking project covid-19-stats-548f4 for permissions ["firebase.projects.get","firebasehosting.sites.update"]
[debug] [2020-11-16T14:55:52.309Z] > refreshing access token with scopes: ["email","https://www.googleapis.com/auth/cloud-platform","https://www.googleapis.com/auth/cloudplatformprojects.readonly","https://www.googleapis.com/auth/firebase","openid"]
[debug] [2020-11-16T14:55:52.310Z] >>> HTTP REQUEST POST https://www.googleapis.com/oauth2/v3/token  
 <request body omitted>
[debug] [2020-11-16T14:55:53.740Z] <<< HTTP RESPONSE 200 {"date":"Mon, 16 Nov 2020 14:55:53 GMT","expires":"Mon, 01 Jan 1990 00:00:00 GMT","pragma":"no-cache","cache-control":"no-cache, no-store, max-age=0, must-revalidate","content-type":"application/json; charset=utf-8","vary":"X-Origin, Referer, Origin,Accept-Encoding","server":"scaffolding on HTTPServer2","x-xss-protection":"0","x-frame-options":"SAMEORIGIN","x-content-type-options":"nosniff","alt-svc":"h3-Q050=\":443\"; ma=2592000,h3-29=\":443\"; ma=2592000,h3-T051=\":443\"; ma=2592000,h3-Q046=\":443\"; ma=2592000,h3-Q043=\":443\"; ma=2592000,quic=\":443\"; ma=2592000; v=\"46,43\"","accept-ranges":"none","transfer-encoding":"chunked"}
[debug] [2020-11-16T14:55:53.782Z] >>> HTTP REQUEST POST https://cloudresourcemanager.googleapis.com/v1/projects/covid-19-stats-548f4:testIamPermissions  
 {"permissions":["firebase.projects.get","firebasehosting.sites.update"]}
[debug] [2020-11-16T14:55:55.658Z] <<< HTTP RESPONSE 200 {"content-type":"application/json; charset=UTF-8","vary":"X-Origin, Referer, Origin,Accept-Encoding","date":"Mon, 16 Nov 2020 14:55:55 GMT","server":"ESF","cache-control":"private","x-xss-protection":"0","x-frame-options":"SAMEORIGIN","x-content-type-options":"nosniff","server-timing":"gfet4t7; dur=1248","alt-svc":"h3-Q050=\":443\"; ma=2592000,h3-29=\":443\"; ma=2592000,h3-T051=\":443\"; ma=2592000,h3-Q046=\":443\"; ma=2592000,h3-Q043=\":443\"; ma=2592000,quic=\":443\"; ma=2592000; v=\"46,43\"","accept-ranges":"none","transfer-encoding":"chunked"}
[debug] [2020-11-16T14:55:55.660Z] >>> HTTP REQUEST GET https://firebase.googleapis.com/v1beta1/projects/covid-19-stats-548f4  
 
[debug] [2020-11-16T14:55:56.514Z] <<< HTTP RESPONSE 200 {"content-type":"application/json; charset=UTF-8","vary":"X-Origin, Referer, Origin,Accept-Encoding","date":"Mon, 16 Nov 2020 14:55:56 GMT","server":"ESF","cache-control":"private","x-xss-protection":"0","x-frame-options":"SAMEORIGIN","x-content-type-options":"nosniff","alt-svc":"h3-Q050=\":443\"; ma=2592000,h3-29=\":443\"; ma=2592000,h3-T051=\":443\"; ma=2592000,h3-Q046=\":443\"; ma=2592000,h3-Q043=\":443\"; ma=2592000,quic=\":443\"; ma=2592000; v=\"46,43\"","accept-ranges":"none","transfer-encoding":"chunked"}
[info] 
[info] === Deploying to 'covid-19-stats-548f4'...
[info] 
[info] i  deploying hosting 
[debug] [2020-11-16T14:55:56.521Z] >>> HTTP REQUEST POST https://firebasehosting.googleapis.com/v1beta1/sites/covid-19-stats-548f4/versions  
 {"config":{"rewrites":[{"glob":"**","path":"/index.html"}]},"labels":{"deployment-tool":"cli-firebase"}}
[debug] [2020-11-16T14:55:58.849Z] <<< HTTP RESPONSE 200 {"content-type":"application/json; charset=UTF-8","vary":"X-Origin, Referer, Origin,Accept-Encoding","date":"Mon, 16 Nov 2020 14:55:58 GMT","server":"ESF","cache-control":"private","x-xss-protection":"0","x-frame-options":"SAMEORIGIN","x-content-type-options":"nosniff","alt-svc":"h3-Q050=\":443\"; ma=2592000,h3-29=\":443\"; ma=2592000,h3-T051=\":443\"; ma=2592000,h3-Q046=\":443\"; ma=2592000,h3-Q043=\":443\"; ma=2592000,quic=\":443\"; ma=2592000; v=\"46,43\"","accept-ranges":"none","transfer-encoding":"chunked"}
[info] i  hosting[covid-19-stats-548f4]: beginning deploy... 
[info] i  hosting[covid-19-stats-548f4]: found 18 files in build 
[debug] [2020-11-16T14:55:59.062Z] [hosting] hash cache [YnVpbGQ] stored for 18 files
[debug] [2020-11-16T14:55:59.063Z] [hosting][hash queue][FINAL] {"max":189,"min":31,"avg":47.72222222222221,"active":0,"complete":18,"success":18,"errored":0,"retried":0,"total":18,"elapsed":196}
[debug] [2020-11-16T14:55:59.063Z] >>> HTTP REQUEST POST https://firebasehosting.googleapis.com/v1beta1/sites/covid-19-stats-548f4/versions/378dc2e467a61682:populateFiles  
 <request body omitted>
[debug] [2020-11-16T14:56:03.717Z] <<< HTTP RESPONSE 200 {"content-type":"application/json; charset=UTF-8","vary":"X-Origin, Referer, Origin,Accept-Encoding","date":"Mon, 16 Nov 2020 14:56:03 GMT","server":"ESF","cache-control":"private","x-xss-protection":"0","x-frame-options":"SAMEORIGIN","x-content-type-options":"nosniff","alt-svc":"h3-Q050=\":443\"; ma=2592000,h3-29=\":443\"; ma=2592000,h3-T051=\":443\"; ma=2592000,h3-Q046=\":443\"; ma=2592000,h3-Q043=\":443\"; ma=2592000,quic=\":443\"; ma=2592000; v=\"46,43\"","accept-ranges":"none","transfer-encoding":"chunked"}
[debug] [2020-11-16T14:56:03.725Z] [hosting][populate queue][FINAL] {"max":4658,"min":4658,"avg":4658,"active":0,"complete":1,"success":1,"errored":0,"retried":0,"total":1,"elapsed":4664}
[debug] [2020-11-16T14:56:03.725Z] [hosting] uploads queued: 8
